<?xml version="1.0" encoding="UTF-8"?>
<!-- Generated by org.testng.reporters.JUnitReportReporter -->
<testsuite hostname="DESKTOP-5MRMMFR" failures="0" tests="1" name="com.crm.VTiger.ContactTestcase" time="59.717" errors="0" timestamp="2024-08-08T02:12:55 IST" skipped="0">
  <testcase classname="com.crm.VTiger.ContactTestcase" name="createConWithSupportSEDate" time="59.717">
    <system-out>
      <![CDATA[createConWithSupportSEDate is executed
Expected Start date is displayed 
Expected end date is displayed]]>
    </system-out>
  </testcase> <!-- createConWithSupportSEDate -->
  <system-out>
    <![CDATA[createConWithSupportSEDate is executed
Expected Start date is displayed 
Expected end date is displayed]]>
  </system-out>
</testsuite> <!-- com.crm.VTiger.ContactTestcase -->
