<?xml version="1.0" encoding="UTF-8"?>
<!-- Generated by org.testng.reporters.JUnitReportReporter -->
<testsuite hostname="DESKTOP-5MRMMFR" failures="0" tests="1" name="com.crm.VTiger.CreateVendor" time="16.741" errors="0" timestamp="2024-08-05T08:30:52 IST" skipped="0">
  <testcase classname="com.crm.VTiger.CreateVendor" name="createVendor" time="16.741">
    <system-out>
      <![CDATA[createVendor is executed]]>
    </system-out>
  </testcase> <!-- createVendor -->
  <system-out>
    <![CDATA[createVendor is executed]]>
  </system-out>
</testsuite> <!-- com.crm.VTiger.CreateVendor -->
