<?xml version="1.0" encoding="UTF-8"?>
<!-- Generated by org.testng.reporters.JUnitReportReporter -->
<testsuite hostname="DESKTOP-5MRMMFR" failures="0" tests="1" name="com.crm.VTiger.ProductWithVendor" time="19.933" errors="0" timestamp="2024-08-05T05:43:01 IST" skipped="0">
  <testcase classname="com.crm.VTiger.ProductWithVendor" name="createProductWithVendor" time="19.933">
    <system-out>
      <![CDATA[Product is created with given vendor name]]>
    </system-out>
  </testcase> <!-- createProductWithVendor -->
  <system-out>
    <![CDATA[Product is created with given vendor name]]>
  </system-out>
</testsuite> <!-- com.crm.VTiger.ProductWithVendor -->
