<?xml version="1.0" encoding="UTF-8"?>
<!-- Generated by org.testng.reporters.JUnitReportReporter -->
<testsuite hostname="DESKTOP-5MRMMFR" failures="0" tests="1" name="com.crm.VTiger.ContactWithOrg" time="15.149" errors="0" timestamp="2024-08-05T04:38:00 IST" skipped="0">
  <testcase classname="com.crm.VTiger.ContactWithOrg" name="createConWithOrg" time="15.149">
    <system-out>
      <![CDATA[createConWithOrg is executed
Contact is created with given organization name]]>
    </system-out>
  </testcase> <!-- createConWithOrg -->
  <system-out>
    <![CDATA[createConWithOrg is executed
Contact is created with given organization name]]>
  </system-out>
</testsuite> <!-- com.crm.VTiger.ContactWithOrg -->
