<?xml version="1.0" encoding="UTF-8"?>
<!-- Generated by org.testng.reporters.JUnitReportReporter -->
<testsuite hostname="DESKTOP-5MRMMFR" failures="0" tests="1" name="com.crm.VTiger.OrgWithIdustry" time="13.238" errors="0" timestamp="2024-08-05T08:56:01 IST" skipped="0">
  <testcase classname="com.crm.VTiger.OrgWithIdustry" name="createOrgWithIndustry" time="13.238">
    <system-out>
      <![CDATA[createOrgWithIndustry is executed]]>
    </system-out>
  </testcase> <!-- createOrgWithIndustry -->
  <system-out>
    <![CDATA[createOrgWithIndustry is executed]]>
  </system-out>
</testsuite> <!-- com.crm.VTiger.OrgWithIdustry -->
